[debug] [2021-06-10T08:57:26.533Z] ----------------------------------------------------------------------
[debug] [2021-06-10T08:57:26.535Z] Command:       C:\Program Files\nodejs\node.exe C:\Users\laishema\AppData\Roaming\npm\node_modules\firebase-tools\lib\bin\firebase.js init hosting
[debug] [2021-06-10T08:57:26.535Z] CLI Version:   9.12.1
[debug] [2021-06-10T08:57:26.535Z] Platform:      win32
[debug] [2021-06-10T08:57:26.535Z] Node Version:  v14.17.0
[debug] [2021-06-10T08:57:26.536Z] Time:          Thu Jun 10 2021 14:27:26 GMT+0530 (India Standard Time)
[debug] [2021-06-10T08:57:26.536Z] ----------------------------------------------------------------------
[debug] 
[debug] [2021-06-10T08:57:26.542Z] > command requires scopes: ["email","openid","https://www.googleapis.com/auth/cloudplatformprojects.readonly","https://www.googleapis.com/auth/firebase","https://www.googleapis.com/auth/cloud-platform"]
[debug] [2021-06-10T08:57:26.543Z] > authorizing via signed-in user (mayurlaishetti22@gmail.com)
[info] 
     ######## #### ########  ######## ########     ###     ######  ########
     ##        ##  ##     ## ##       ##     ##  ##   ##  ##       ##
     ######    ##  ########  ######   ########  #########  ######  ######
     ##        ##  ##    ##  ##       ##     ## ##     ##       ## ##
     ##       #### ##     ## ######## ########  ##     ##  ######  ########

You're about to initialize a Firebase project in this directory:

  C:\Users\laishema\practicespace\whack-a-mole

Before we get started, keep in mind:

  * You are initializing in an existing Firebase project directory

